TN:
SF:src/app.module.ts
FNF:0
FNH:0
DA:1,0
DA:2,0
DA:3,0
DA:4,0
DA:16,0
LF:5
LH:0
BRF:0
BRH:0
end_of_record
TN:
SF:src/main.ts
FN:5,bootstrap
FNF:1
FNH:0
FNDA:0,bootstrap
DA:1,0
DA:2,0
DA:3,0
DA:6,0
DA:7,0
DA:15,0
DA:17,0
LF:7
LH:0
BRF:0
BRH:0
end_of_record
TN:
SF:src/app/app.controller.ts
FNF:0
FNH:0
DA:1,1
DA:4,1
LF:2
LH:2
BRF:0
BRH:0
end_of_record
TN:
SF:src/app/app.service.ts
FNF:0
FNH:0
DA:1,1
DA:4,1
LF:2
LH:2
BRF:0
BRH:0
end_of_record
TN:
SF:src/movies/movies.controller.ts
FN:10,(anonymous_4)
FN:14,(anonymous_5)
FN:19,(anonymous_6)
FN:24,(anonymous_7)
FN:29,(anonymous_8)
FN:36,(anonymous_9)
FNF:6
FNH:0
FNDA:0,(anonymous_4)
FNDA:0,(anonymous_5)
FNDA:0,(anonymous_6)
FNDA:0,(anonymous_7)
FNDA:0,(anonymous_8)
FNDA:0,(anonymous_9)
DA:1,1
DA:3,1
DA:4,1
DA:5,1
DA:6,1
DA:9,1
DA:10,0
DA:13,1
DA:15,0
DA:18,1
DA:20,0
DA:23,1
DA:25,0
DA:28,1
DA:30,0
DA:35,1
DA:37,0
LF:17
LH:11
BRF:0
BRH:0
end_of_record
TN:
SF:src/movies/movies.module.ts
FNF:0
FNH:0
DA:1,0
DA:2,0
DA:3,0
DA:9,0
LF:4
LH:0
BRF:0
BRH:0
end_of_record
TN:
SF:src/movies/movies.service.ts
FN:7,(anonymous_1)
FN:10,(anonymous_2)
FN:14,(anonymous_3)
FN:15,(anonymous_4)
FN:23,(anonymous_5)
FN:26,(anonymous_6)
FN:37,(anonymous_7)
FN:44,(anonymous_8)
FNF:8
FNH:1
FNDA:1,(anonymous_1)
FNDA:0,(anonymous_2)
FNDA:0,(anonymous_3)
FNDA:0,(anonymous_4)
FNDA:0,(anonymous_5)
FNDA:0,(anonymous_6)
FNDA:0,(anonymous_7)
FNDA:0,(anonymous_8)
DA:1,2
DA:7,2
DA:8,1
DA:11,0
DA:15,0
DA:16,0
DA:17,0
DA:20,0
DA:24,0
DA:26,0
DA:27,0
DA:29,0
DA:30,0
DA:31,0
DA:34,0
DA:38,0
DA:45,0
DA:46,0
DA:47,0
LF:19
LH:3
BRDA:16,0,0,0
BRDA:29,1,0,0
BRF:2
BRH:0
end_of_record
TN:
SF:src/movies/dto/create-movie.dto.ts
FNF:0
FNH:0
DA:1,1
DA:3,1
DA:4,1
DA:6,1
DA:8,1
LF:5
LH:5
BRF:0
BRH:0
end_of_record
TN:
SF:src/movies/dto/update-movie.dto.ts
FNF:0
FNH:0
DA:1,1
DA:2,1
DA:5,1
LF:3
LH:3
BRF:0
BRH:0
end_of_record
TN:
SF:src/movies/entities/movie.entity.ts
FNF:0
FNH:0
DA:1,1
LF:1
LH:1
BRF:0
BRH:0
end_of_record
